<?xml version="1.0" encoding="UTF-8"?>
<testsuites name="jest tests" tests="1512" failures="0" time="213.851">
  <testsuite name="apps/comphub/app/_main/containers/cards/data/data.card.component.spec.ts" errors="0" failures="0" skipped="0" timestamp="2019-08-05T19:47:19" time="45.267" tests="18">
    <testcase classname="Comphub - Main - Data Card Component should dispatch GetQuickPriceMarketData action when loading job results" name="Comphub - Main - Data Card Component should dispatch GetQuickPriceMarketData action when loading job results" time="0.93">
    </testcase>
    <testcase classname="Comphub - Main - Data Card Component should dispatch GetQuickPriceMarketData action when page changed" name="Comphub - Main - Data Card Component should dispatch GetQuickPriceMarketData action when page changed" time="1.334">
    </testcase>
    <testcase classname="Comphub - Main - Data Card Component should dispatch GetQuickPriceMarketData action when navigating to data page" name="Comphub - Main - Data Card Component should dispatch GetQuickPriceMarketData action when navigating to data page" time="0.276">
    </testcase>
    <testcase classname="Comphub - Main - Data Card Component should not dispatch GetQuickPriceMarketData action when navigating to other pages" name="Comphub - Main - Data Card Component should not dispatch GetQuickPriceMarketData action when navigating to other pages" time="0.403">
    </testcase>
    <testcase classname="Comphub - Main - Data Card Component should dispatch an action when job selected" name="Comphub - Main - Data Card Component should dispatch an action when job selected" time="0.215">
    </testcase>
    <testcase classname="Comphub - Main - Data Card Component should update the sort to descending when sorting a sorted field is clicked" name="Comphub - Main - Data Card Component should update the sort to descending when sorting a sorted field is clicked" time="0.189">
    </testcase>
    <testcase classname="Comphub - Main - Data Card Component should sort by new field when sorting changed" name="Comphub - Main - Data Card Component should sort by new field when sorting changed" time="0.194">
    </testcase>
    <testcase classname="Comphub - Main - Data Card Component should not sort by fields which are not supported" name="Comphub - Main - Data Card Component should not sort by fields which are not supported" time="0.159">
    </testcase>
    <testcase classname="Comphub - Main - Data Card Component should remove sorting when the field is sorted desc" name="Comphub - Main - Data Card Component should remove sorting when the field is sorted desc" time="0.135">
    </testcase>
    <testcase classname="Comphub - Main - Data Card Component should dispatch GetQuickPriceMarketData action when loading job results" name="Comphub - Main - Data Card Component should dispatch GetQuickPriceMarketData action when loading job results" time="0.137">
    </testcase>
    <testcase classname="Comphub - Main - Data Card Component should reset sorting and paging options before dispatching action to get grid data" name="Comphub - Main - Data Card Component should reset sorting and paging options before dispatching action to get grid data" time="0.128">
    </testcase>
    <testcase classname="Comphub - Main - Data Card Component should dispatch SetSelectedRate action when handling rate selection change" name="Comphub - Main - Data Card Component should dispatch SetSelectedRate action when handling rate selection change" time="0.149">
    </testcase>
    <testcase classname="Comphub - Main - Data Card Component should display base50 and tcc50 with 2 decimal places when rate is hourly" name="Comphub - Main - Data Card Component should display base50 and tcc50 with 2 decimal places when rate is hourly" time="0.174">
    </testcase>
    <testcase classname="Comphub - Main - Data Card Component should display base50 and tcc50 with thousand seperator when rate is annual" name="Comphub - Main - Data Card Component should display base50 and tcc50 with thousand seperator when rate is annual" time="0.148">
    </testcase>
    <testcase classname="Comphub - Main - Data Card Component should return correct value when selected rate is annual" name="Comphub - Main - Data Card Component should return correct value when selected rate is annual" time="0.169">
    </testcase>
    <testcase classname="Comphub - Main - Data Card Component should return correct value when selected rate is hourly" name="Comphub - Main - Data Card Component should return correct value when selected rate is hourly" time="0.179">
    </testcase>
    <testcase classname="Comphub - Main - Data Card Component should call window open, when handling the learn more button being clicked" name="Comphub - Main - Data Card Component should call window open, when handling the learn more button being clicked" time="0.141">
    </testcase>
    <testcase classname="Comphub - Main - Data Card Component should dispatch ToggleJobDescription action with the jobId when handling a Expand JD click" name="Comphub - Main - Data Card Component should dispatch ToggleJobDescription action with the jobId when handling a Expand JD click" time="0.165">
    </testcase>
  </testsuite>
  <testsuite name="apps/comphub/app/_main/containers/cards/summary/summary.card.component.spec.ts" errors="0" failures="0" skipped="0" timestamp="2019-08-05T19:47:19" time="46.345" tests="17">
    <testcase classname="Comphub - Main - Summary Card Component should dispatch a PriceNewJob action, when handling a Price New Job click" name="Comphub - Main - Summary Card Component should dispatch a PriceNewJob action, when handling a Price New Job click" time="1">
    </testcase>
    <testcase classname="Comphub - Main - Summary Card Component should return correct value when selected rate is hourly" name="Comphub - Main - Summary Card Component should return correct value when selected rate is hourly" time="0.386">
    </testcase>
    <testcase classname="Comphub - Main - Summary Card Component should return correct value when selected rate is annual" name="Comphub - Main - Summary Card Component should return correct value when selected rate is annual" time="0.441">
    </testcase>
    <testcase classname="Comphub - Main - Summary Card Component should call saveAs on the pdf export view child when handleDownloadPdfClicked clicked" name="Comphub - Main - Summary Card Component should call saveAs on the pdf export view child when handleDownloadPdfClicked clicked" time="0.31">
    </testcase>
    <testcase classname="Comphub - Main - Summary Card Component should call saveAs with the correct fileName on the pdf export view child when handleDownloadPdfClicked clicked" name="Comphub - Main - Summary Card Component should call saveAs with the correct fileName on the pdf export view child when handleDownloadPdfClicked clicked" time="0.318">
    </testcase>
    <testcase classname="Comphub - Main - Summary Card Component should remove periods from job title when saving pdf" name="Comphub - Main - Summary Card Component should remove periods from job title when saving pdf" time="0.318">
    </testcase>
    <testcase classname="Comphub - Main - Summary Card Component should dispatch OpenShareModal when Share button clicked" name="Comphub - Main - Summary Card Component should dispatch OpenShareModal when Share button clicked" time="0.413">
    </testcase>
    <testcase classname="Comphub - Main - Summary Card Component should dispatch CloseShareModal when Cancel button from share modal clicked" name="Comphub - Main - Summary Card Component should dispatch CloseShareModal when Cancel button from share modal clicked" time="0.36">
    </testcase>
    <testcase classname="Comphub - Main - Summary Card Component should dispatch CreateProject when create project button clicked" name="Comphub - Main - Summary Card Component should dispatch CreateProject when create project button clicked" time="0.309">
    </testcase>
    <testcase classname="Comphub - Main - Summary Card Component should hide create project button when no access to projects tile" name="Comphub - Main - Summary Card Component should hide create project button when no access to projects tile" time="0.29">
    </testcase>
    <testcase classname="Comphub - Main - Summary Card Component should show create project button when has access to projects tile" name="Comphub - Main - Summary Card Component should show create project button when has access to projects tile" time="0.281">
    </testcase>
    <testcase classname="Comphub - Main - Summary Card Component should hide create project button has access to projects tile but no paymarketId" name="Comphub - Main - Summary Card Component should hide create project button has access to projects tile but no paymarketId" time="0.268">
    </testcase>
    <testcase classname="Comphub - Main - Summary Card Component should dispatch load job trend chart and add new completed pricing record when selected page is Summary and job data has been changed" name="Comphub - Main - Summary Card Component should dispatch load job trend chart and add new completed pricing record when selected page is Summary and job data has been changed" time="0.241">
    </testcase>
    <testcase classname="Comphub - Main - Summary Card Component should NOT dispatch load job trend chart and add new completed pricing record when selected page is Summary and job data has NOT been changed" name="Comphub - Main - Summary Card Component should NOT dispatch load job trend chart and add new completed pricing record when selected page is Summary and job data has NOT been changed" time="0.238">
    </testcase>
    <testcase classname="Comphub - Main - Summary Card Component should NOT dispatch load job trend chart and add new completed pricing record when selected page is NOT Summary and job data has been changed" name="Comphub - Main - Summary Card Component should NOT dispatch load job trend chart and add new completed pricing record when selected page is NOT Summary and job data has been changed" time="0.287">
    </testcase>
    <testcase classname="Comphub - Main - Summary Card Component should display USD for currency when active market data is USA" name="Comphub - Main - Summary Card Component should display USD for currency when active market data is USA" time="0.278">
    </testcase>
    <testcase classname="Comphub - Main - Summary Card Component should display CAD for currency when active market data is Canada" name="Comphub - Main - Summary Card Component should display CAD for currency when active market data is Canada" time="0.845">
    </testcase>
  </testsuite>
  <testsuite name="apps/peer/app/_map/containers/export-data-cuts-modal/export-data-cuts-modal.component.spec.ts" errors="0" failures="0" skipped="0" timestamp="2019-08-05T19:47:19" time="50.2" tests="19">
    <testcase classname="Peer - Map - Export Data Cuts Modal should dispatch LoadExchangeCompanyJobs action when loadExchangeCompanyJobs is called" name="Peer - Map - Export Data Cuts Modal should dispatch LoadExchangeCompanyJobs action when loadExchangeCompanyJobs is called" time="1.704">
    </testcase>
    <testcase classname="Peer - Map - Export Data Cuts Modal should dispatch LoadExchangeCompanyJobsIds action when loadExchangeCompanyJobs is called" name="Peer - Map - Export Data Cuts Modal should dispatch LoadExchangeCompanyJobsIds action when loadExchangeCompanyJobs is called" time="0.76">
    </testcase>
    <testcase classname="Peer - Map - Export Data Cuts Modal should call loadingAvailableJobs onInit when the modal is opened" name="Peer - Map - Export Data Cuts Modal should call loadingAvailableJobs onInit when the modal is opened" time="0.405">
    </testcase>
    <testcase classname="Peer - Map - Export Data Cuts Modal should call selectionsControl.setErrors when exportingDataCutsError$ is true" name="Peer - Map - Export Data Cuts Modal should call selectionsControl.setErrors when exportingDataCutsError$ is true" time="0.391">
    </testcase>
    <testcase classname="Peer - Map - Export Data Cuts Modal should dispatch a ExportDataCuts action when the handleFormSubmit event is triggered" name="Peer - Map - Export Data Cuts Modal should dispatch a ExportDataCuts action when the handleFormSubmit event is triggered" time="0.452">
    </testcase>
    <testcase classname="Peer - Map - Export Data Cuts Modal should have attemptedSubmit of true once handleFormSubmit is triggered" name="Peer - Map - Export Data Cuts Modal should have attemptedSubmit of true once handleFormSubmit is triggered" time="0.433">
    </testcase>
    <testcase classname="Peer - Map - Export Data Cuts Modal should have attemptedSubmit of false once handleModalDismissed is triggered" name="Peer - Map - Export Data Cuts Modal should have attemptedSubmit of false once handleModalDismissed is triggered" time="0.412">
    </testcase>
    <testcase classname="Peer - Map - Export Data Cuts Modal should dispatch a CloseExportDataCutsModal event when handleModalDismissed is triggered" name="Peer - Map - Export Data Cuts Modal should dispatch a CloseExportDataCutsModal event when handleModalDismissed is triggered" time="0.624">
    </testcase>
    <testcase classname="Peer - Map - Export Data Cuts Modal should dispatch fromGridActions.ResetGrid action when handleModalDismissed is triggered" name="Peer - Map - Export Data Cuts Modal should dispatch fromGridActions.ResetGrid action when handleModalDismissed is triggered" time="0.605">
    </testcase>
    <testcase classname="Peer - Map - Export Data Cuts Modal should dispatch an UpdateGrid action when handleDataStateChange is called" name="Peer - Map - Export Data Cuts Modal should dispatch an UpdateGrid action when handleDataStateChange is called" time="0.581">
    </testcase>
    <testcase classname="Peer - Map - Export Data Cuts Modal should dispatch a LoadExchangeCompanyJobs action when handleDataStateChange is called" name="Peer - Map - Export Data Cuts Modal should dispatch a LoadExchangeCompanyJobs action when handleDataStateChange is called" time="0.376">
    </testcase>
    <testcase classname="Peer - Map - Export Data Cuts Modal should not dispatch fromGridActions.ToggleRowSelection action when the cellClick event is triggered
   if the job is not in the map scope" name="Peer - Map - Export Data Cuts Modal should not dispatch fromGridActions.ToggleRowSelection action when the cellClick event is triggered
   if the job is not in the map scope" time="0.429">
    </testcase>
    <testcase classname="Peer - Map - Export Data Cuts Modal should dispatch a fromGridActions.ToggleRowSelection action when the cellClick event is triggered and
   the job is in the map scope" name="Peer - Map - Export Data Cuts Modal should dispatch a fromGridActions.ToggleRowSelection action when the cellClick event is triggered and
   the job is in the map scope" time="0.34">
    </testcase>
    <testcase classname="Peer - Map - Export Data Cuts Modal should update primaryButtonText with the number of selections when selections change" name="Peer - Map - Export Data Cuts Modal should update primaryButtonText with the number of selections when selections change" time="0.394">
    </testcase>
    <testcase classname="Peer - Map - Export Data Cuts Modal should dispatch ToggleSelectAll action when onSelectAllChange is triggered" name="Peer - Map - Export Data Cuts Modal should dispatch ToggleSelectAll action when onSelectAllChange is triggered" time="0.362">
    </testcase>
    <testcase classname="Peer - Map - Export Data Cuts Modal should call handleDataStateChange with appropriate state after handlePageDropDownChanged is called" name="Peer - Map - Export Data Cuts Modal should call handleDataStateChange with appropriate state after handlePageDropDownChanged is called" time="0.711">
    </testcase>
    <testcase classname="Peer - Map - Export Data Cuts Modal should dispatch a SetSelections action when onSelectAllClick is called" name="Peer - Map - Export Data Cuts Modal should dispatch a SetSelections action when onSelectAllClick is called" time="2.391">
    </testcase>
    <testcase classname="Peer - Map - Export Data Cuts Modal should dispatch a SetSelections action with an empty array when onClearAllClick is called" name="Peer - Map - Export Data Cuts Modal should dispatch a SetSelections action with an empty array when onClearAllClick is called" time="1.46">
    </testcase>
    <testcase classname="Peer - Map - Export Data Cuts Modal should dispatch a SelectRate action when handleRateSelectionChange is called" name="Peer - Map - Export Data Cuts Modal should dispatch a SelectRate action when handleRateSelectionChange is called" time="0.323">
    </testcase>
  </testsuite>
  <testsuite name="libs/features/peer/map/containers/scope-selector/scope-selector.component.spec.ts" errors="0" failures="0" skipped="0" timestamp="2019-08-05T19:47:19" time="58.679" tests="24">
    <testcase classname="Features - Peer - Exchange Scope Selector Component should close the popover when clicking on an a scope" name="Features - Peer - Exchange Scope Selector Component should close the popover when clicking on an a scope" time="2.057">
    </testcase>
    <testcase classname="Features - Peer - Exchange Scope Selector Component should not close the popover when clicking on an a scope and in delete mode" name="Features - Peer - Exchange Scope Selector Component should not close the popover when clicking on an a scope and in delete mode" time="0.214">
    </testcase>
    <testcase classname="Features - Peer - Exchange Scope Selector Component should dispatch a SetExchangeScopeSelection action when clicking on a scope" name="Features - Peer - Exchange Scope Selector Component should dispatch a SetExchangeScopeSelection action when clicking on a scope" time="0.144">
    </testcase>
    <testcase classname="Features - Peer - Exchange Scope Selector Component should not dispatch a SetExchangeScopeSelection action when clicking on a scope if in delete mode" name="Features - Peer - Exchange Scope Selector Component should not dispatch a SetExchangeScopeSelection action when clicking on a scope if in delete mode" time="0.205">
    </testcase>
    <testcase classname="Features - Peer - Exchange Scope Selector Component should dispatch a LoadExchangeScopeDetails action when clicking on a scope" name="Features - Peer - Exchange Scope Selector Component should dispatch a LoadExchangeScopeDetails action when clicking on a scope" time="0.258">
    </testcase>
    <testcase classname="Features - Peer - Exchange Scope Selector Component should not dispatch a LoadExchangeScopeDetails action when clicking on a scope and in delete mode" name="Features - Peer - Exchange Scope Selector Component should not dispatch a LoadExchangeScopeDetails action when clicking on a scope and in delete mode" time="0.16">
    </testcase>
    <testcase classname="Features - Peer - Exchange Scope Selector Component should dispatch a LoadExchangeScopesByJobs action on init if the systemFilter has been loaded and we are in the add data cuts modal" name="Features - Peer - Exchange Scope Selector Component should dispatch a LoadExchangeScopesByJobs action on init if the systemFilter has been loaded and we are in the add data cuts modal" time="0.112">
    </testcase>
    <testcase classname="Features - Peer - Exchange Scope Selector Component should dispatch a LoadExchangeScopesByExchange action on init if the systemFilter has been loaded and we are not in theadd data cuts modal" name="Features - Peer - Exchange Scope Selector Component should dispatch a LoadExchangeScopesByExchange action on init if the systemFilter has been loaded and we are not in theadd data cuts modal" time="0.088">
    </testcase>
    <testcase classname="Features - Peer - Exchange Scope Selector Component should display the currently selected exchange scope" name="Features - Peer - Exchange Scope Selector Component should display the currently selected exchange scope" time="0.129">
    </testcase>
    <testcase classname="Features - Peer - Exchange Scope Selector Component should display &quot;No Selection&quot; message when there is no exchange scope selected" name="Features - Peer - Exchange Scope Selector Component should display &quot;No Selection&quot; message when there is no exchange scope selected" time="0.107">
    </testcase>
    <testcase classname="Features - Peer - Exchange Scope Selector Component should disable scope selector button when there are no scopes" name="Features - Peer - Exchange Scope Selector Component should disable scope selector button when there are no scopes" time="0.284">
    </testcase>
    <testcase classname="Features - Peer - Exchange Scope Selector Component should match snapshot when in add data cuts modal" name="Features - Peer - Exchange Scope Selector Component should match snapshot when in add data cuts modal" time="0.117">
    </testcase>
    <testcase classname="Features - Peer - Exchange Scope Selector Component should match snapshot when on big map" name="Features - Peer - Exchange Scope Selector Component should match snapshot when on big map" time="0.108">
    </testcase>
    <testcase classname="Features - Peer - Exchange Scope Selector Component should dispatch a SetExchangeScopeToDelete action when clicking on a delete icon" name="Features - Peer - Exchange Scope Selector Component should dispatch a SetExchangeScopeToDelete action when clicking on a delete icon" time="0.086">
    </testcase>
    <testcase classname="Features - Peer - Exchange Scope Selector Component should dispatch a EnterDeleteExchangeScopeMode action when clicking on a delete icon" name="Features - Peer - Exchange Scope Selector Component should dispatch a EnterDeleteExchangeScopeMode action when clicking on a delete icon" time="0.082">
    </testcase>
    <testcase classname="Features - Peer - Exchange Scope Selector Component should dispatch an ExitDeleteExchangeScopeMode action when clicking on the cancel delete button" name="Features - Peer - Exchange Scope Selector Component should dispatch an ExitDeleteExchangeScopeMode action when clicking on the cancel delete button" time="0.083">
    </testcase>
    <testcase classname="Features - Peer - Exchange Scope Selector Component should dispatch a SetExchangeScopeToDelete action when clicking on the cancel delete button" name="Features - Peer - Exchange Scope Selector Component should dispatch a SetExchangeScopeToDelete action when clicking on the cancel delete button" time="0.121">
    </testcase>
    <testcase classname="Features - Peer - Exchange Scope Selector Component should dispatch a DeleteExchangeScope action when clicking on the delete scope button" name="Features - Peer - Exchange Scope Selector Component should dispatch a DeleteExchangeScope action when clicking on the delete scope button" time="0.142">
    </testcase>
    <testcase classname="Features - Peer - Exchange Scope Selector Component highlight should be true when the scope ids match" name="Features - Peer - Exchange Scope Selector Component highlight should be true when the scope ids match" time="0.12">
    </testcase>
    <testcase classname="Features - Peer - Exchange Scope Selector Component highlight should be false when the scope ids do not match" name="Features - Peer - Exchange Scope Selector Component highlight should be false when the scope ids do not match" time="0.109">
    </testcase>
    <testcase classname="Features - Peer - Exchange Scope Selector Component should set the filtered exchange scopes to be the full list of exchange scopes, when showing the popover" name="Features - Peer - Exchange Scope Selector Component should set the filtered exchange scopes to be the full list of exchange scopes, when showing the popover" time="0.583">
    </testcase>
    <testcase classname="Features - Peer - Exchange Scope Selector Component should filter the exchange scope items by the name containing the search value, when the search value changes" name="Features - Peer - Exchange Scope Selector Component should filter the exchange scope items by the name containing the search value, when the search value changes" time="4.411">
    </testcase>
    <testcase classname="Features - Peer - Exchange Scope Selector Component should filter the exchange scope items case insensitively, when the search value changes" name="Features - Peer - Exchange Scope Selector Component should filter the exchange scope items case insensitively, when the search value changes" time="0.375">
    </testcase>
    <testcase classname="Features - Peer - Exchange Scope Selector Component should track by the exchange scope item id" name="Features - Peer - Exchange Scope Selector Component should track by the exchange scope item id" time="0.428">
    </testcase>
  </testsuite>
  <testsuite name="apps/comphub/app/_main/components/add-paymarket-form/add-paymarket-form.component.spec.ts" errors="0" failures="0" skipped="0" timestamp="2019-08-05T19:48:04" time="14.791" tests="8">
    <testcase classname="Comphub - Main - Add Pay Market Form Component should emit saveClick event when handling submit clicked" name="Comphub - Main - Add Pay Market Form Component should emit saveClick event when handling submit clicked" time="0.978">
    </testcase>
    <testcase classname="Comphub - Main - Add Pay Market Form Component should emit skipClick event when handling skip clicked" name="Comphub - Main - Add Pay Market Form Component should emit skipClick event when handling skip clicked" time="0.545">
    </testcase>
    <testcase classname="Comphub - Main - Add Pay Market Form Component should emit that the location filter has changed on change" name="Comphub - Main - Add Pay Market Form Component should emit that the location filter has changed on change" time="0.446">
    </testcase>
    <testcase classname="Comphub - Main - Add Pay Market Form Component should return results containing search term when handling industry filter" name="Comphub - Main - Add Pay Market Form Component should return results containing search term when handling industry filter" time="0.449">
    </testcase>
    <testcase classname="Comphub - Main - Add Pay Market Form Component should emit dismissInfoBannerClick event when handling dismiss info banner" name="Comphub - Main - Add Pay Market Form Component should emit dismissInfoBannerClick event when handling dismiss info banner" time="1.319">
    </testcase>
    <testcase classname="Comphub - Main - Add Pay Market Form Component should emit cancelClick event when cancel button clicked" name="Comphub - Main - Add Pay Market Form Component should emit cancelClick event when cancel button clicked" time="3.124">
    </testcase>
    <testcase classname="Comphub - Main - Add Pay Market Form Component should use All for location when submitting invalid location" name="Comphub - Main - Add Pay Market Form Component should use All for location when submitting invalid location" time="1.779">
    </testcase>
    <testcase classname="Comphub - Main - Add Pay Market Form Component should use default values for Industry and Size when none is selected" name="Comphub - Main - Add Pay Market Form Component should use default values for Industry and Size when none is selected" time="1.086">
    </testcase>
  </testsuite>
  <testsuite name="apps/peer/app/_manage/containers/company-jobs-grid/company-jobs-grid.component.spec.ts" errors="0" failures="0" skipped="0" timestamp="2019-08-05T19:48:17" time="8.776" tests="8">
    <testcase classname="CompanyJobsGridComponent should create" name="CompanyJobsGridComponent should create" time="0.998">
    </testcase>
    <testcase classname="CompanyJobsGridComponent should show a kendo grid with columns" name="CompanyJobsGridComponent should show a kendo grid with columns" time="0.904">
    </testcase>
    <testcase classname="CompanyJobsGridComponent should fire the right actions when the grid state is changed" name="CompanyJobsGridComponent should fire the right actions when the grid state is changed" time="0.783">
    </testcase>
    <testcase classname="CompanyJobsGridComponent should fire a page change action when the filters change" name="CompanyJobsGridComponent should fire a page change action when the filters change" time="0.675">
    </testcase>
    <testcase classname="CompanyJobsGridComponent should fire the expected actions when reloaded" name="CompanyJobsGridComponent should fire the expected actions when reloaded" time="0.653">
    </testcase>
    <testcase classname="CompanyJobsGridComponent should not do anything when handleCellClick is called for the already selected company job" name="CompanyJobsGridComponent should not do anything when handleCellClick is called for the already selected company job" time="0.816">
    </testcase>
    <testcase classname="CompanyJobsGridComponent should scroll and load mapped exchange jobs when an associated company job is selected" name="CompanyJobsGridComponent should scroll and load mapped exchange jobs when an associated company job is selected" time="0.495">
    </testcase>
    <testcase classname="CompanyJobsGridComponent should scroll and search exchange jobs when a new unassociated company job is selected" name="CompanyJobsGridComponent should scroll and search exchange jobs when a new unassociated company job is selected" time="0.535">
    </testcase>
  </testsuite>
  <testsuite name="apps/legacy-content/app/_peer/containers/pages/upsert-data-cut/upsert-data-cut.page.spec.ts" errors="0" failures="0" skipped="0" timestamp="2019-08-05T19:47:19" time="63.373" tests="18">
    <testcase classname="Legacy Content - Peer - Upsert Data Cut should display the upsert data cut page with an Add button" name="Legacy Content - Peer - Upsert Data Cut should display the upsert data cut page with an Add button" time="1.68">
    </testcase>
    <testcase classname="Legacy Content - Peer - Upsert Data Cut should display the upsert data cut page with an Update button" name="Legacy Content - Peer - Upsert Data Cut should display the upsert data cut page with an Update button" time="0.548">
    </testcase>
    <testcase classname="Legacy Content - Peer - Upsert Data Cut should dispatch the LoadSystemFilter action on init when dataCutGuid param is null" name="Legacy Content - Peer - Upsert Data Cut should dispatch the LoadSystemFilter action on init when dataCutGuid param is null" time="0.438">
    </testcase>
    <testcase classname="Legacy Content - Peer - Upsert Data Cut should dispatch the LoadDataCutDetails action on init when dataCutGuid param is NOT null" name="Legacy Content - Peer - Upsert Data Cut should dispatch the LoadDataCutDetails action on init when dataCutGuid param is NOT null" time="0.296">
    </testcase>
    <testcase classname="Legacy Content - Peer - Upsert Data Cut should dispatch the LoadDataCutValidation action on init" name="Legacy Content - Peer - Upsert Data Cut should dispatch the LoadDataCutValidation action on init" time="0.292">
    </testcase>
    <testcase classname="Legacy Content - Peer - Upsert Data Cut should dispatch the upsert data cut action when clicking add" name="Legacy Content - Peer - Upsert Data Cut should dispatch the upsert data cut action when clicking add" time="0.21">
    </testcase>
    <testcase classname="Legacy Content - Peer - Upsert Data Cut should dispatch the upsert data cut action when clicking update" name="Legacy Content - Peer - Upsert Data Cut should dispatch the upsert data cut action when clicking update" time="0.224">
    </testcase>
    <testcase classname="Legacy Content - Peer - Upsert Data Cut should dispatch the cancel action when clicking cancel" name="Legacy Content - Peer - Upsert Data Cut should dispatch the cancel action when clicking cancel" time="0.234">
    </testcase>
    <testcase classname="Legacy Content - Peer - Upsert Data Cut should enable the add button when passesGuidelines is true" name="Legacy Content - Peer - Upsert Data Cut should enable the add button when passesGuidelines is true" time="0.222">
    </testcase>
    <testcase classname="Legacy Content - Peer - Upsert Data Cut should enable the update button when passesGuidelines is true" name="Legacy Content - Peer - Upsert Data Cut should enable the update button when passesGuidelines is true" time="0.159">
    </testcase>
    <testcase classname="Legacy Content - Peer - Upsert Data Cut should call validateDataCut when map summary changes changes" name="Legacy Content - Peer - Upsert Data Cut should call validateDataCut when map summary changes changes" time="0.165">
    </testcase>
    <testcase classname="Legacy Content - Peer - Upsert Data Cut should disable the add/updated button when passesGuidelines is false" name="Legacy Content - Peer - Upsert Data Cut should disable the add/updated button when passesGuidelines is false" time="0.157">
    </testcase>
    <testcase classname="Legacy Content - Peer - Upsert Data Cut should display untagged incumbents filter when untaggedIncumbentCount$ &gt; 0" name="Legacy Content - Peer - Upsert Data Cut should display untagged incumbents filter when untaggedIncumbentCount$ &gt; 0" time="0.164">
    </testcase>
    <testcase classname="Legacy Content - Peer - Upsert Data Cut should dispatch a ToggleIncludeUntaggedEmployees action when handleUntaggedIncumbentsChecked is called" name="Legacy Content - Peer - Upsert Data Cut should dispatch a ToggleIncludeUntaggedEmployees action when handleUntaggedIncumbentsChecked is called" time="0.146">
    </testcase>
    <testcase classname="Legacy Content - Peer - Upsert Data Cut should dispatch a RequestAccess action when requestAccess is called" name="Legacy Content - Peer - Upsert Data Cut should dispatch a RequestAccess action when requestAccess is called" time="0.303">
    </testcase>
    <testcase classname="Legacy Content - Peer - Upsert Data Cut should show &apos;Request Access&apos; button and message when peer terms haven&apos;t been accepted" name="Legacy Content - Peer - Upsert Data Cut should show &apos;Request Access&apos; button and message when peer terms haven&apos;t been accepted" time="0.241">
    </testcase>
    <testcase classname="Legacy Content - Peer - Upsert Data Cut should show disabled &apos;Requesting Access&apos; button when peer terms haven&apos;t been accepted and access
  is being requested" name="Legacy Content - Peer - Upsert Data Cut should show disabled &apos;Requesting Access&apos; button when peer terms haven&apos;t been accepted and access
  is being requested" time="0.267">
    </testcase>
    <testcase classname="Legacy Content - Peer - Upsert Data Cut should show disabled &apos;Access Requested&apos; button and &apos;Access Requested&apos; message when
  peer terms haven&apos;t been accepted and access has been requested" name="Legacy Content - Peer - Upsert Data Cut should show disabled &apos;Access Requested&apos; button and &apos;Access Requested&apos; message when
  peer terms haven&apos;t been accepted and access has been requested" time="0.105">
    </testcase>
  </testsuite>
  <testsuite name="apps/peer/app/_dashboard/containers/exchange-job-comparison-grid/exchange-job-comparison-grid.component.spec.ts" errors="0" failures="0" skipped="0" timestamp="2019-08-05T19:47:19" time="66.668" tests="15">
    <testcase classname="Peer - Exchange Job Comparison Grid should dispatch an UpdateGrid action when handleDataStateChange is called" name="Peer - Exchange Job Comparison Grid should dispatch an UpdateGrid action when handleDataStateChange is called" time="2.08">
    </testcase>
    <testcase classname="Peer - Exchange Job Comparison Grid should dispatch a LoadExchangeJobComparisons action when handleDataStateChange is called" name="Peer - Exchange Job Comparison Grid should dispatch a LoadExchangeJobComparisons action when handleDataStateChange is called" time="1.094">
    </testcase>
    <testcase classname="Peer - Exchange Job Comparison Grid should dispatch a LoadExchangeJobComparisons action when handleMarketFilterChanged is called" name="Peer - Exchange Job Comparison Grid should dispatch a LoadExchangeJobComparisons action when handleMarketFilterChanged is called" time="0.516">
    </testcase>
    <testcase classname="Peer - Exchange Job Comparison Grid should return value with % as string when getExchangeIndexValue is called" name="Peer - Exchange Job Comparison Grid should return value with % as string when getExchangeIndexValue is called" time="0.315">
    </testcase>
    <testcase classname="Peer - Exchange Job Comparison Grid should return &quot;text-success&quot; string when getExchangeIndexFontColorClass is called with an index &gt;= 100" name="Peer - Exchange Job Comparison Grid should return &quot;text-success&quot; string when getExchangeIndexFontColorClass is called with an index &gt;= 100" time="0.338">
    </testcase>
    <testcase classname="Peer - Exchange Job Comparison Grid should return &quot;text-danger&quot; string when getExchangeIndexFontColorClass is called with an index &lt; 50" name="Peer - Exchange Job Comparison Grid should return &quot;text-danger&quot; string when getExchangeIndexFontColorClass is called with an index &lt; 50" time="0.522">
    </testcase>
    <testcase classname="Peer - Exchange Job Comparison Grid should clear selectedKeys when exchangeJobOrgsDetailVisible$ is false" name="Peer - Exchange Job Comparison Grid should clear selectedKeys when exchangeJobOrgsDetailVisible$ is false" time="0.479">
    </testcase>
    <testcase classname="Peer - Exchange Job Comparison Grid should NOT dispatch a LoadExchangeJobOrgs action when onSelectionChange is triggered and there are no selections" name="Peer - Exchange Job Comparison Grid should NOT dispatch a LoadExchangeJobOrgs action when onSelectionChange is triggered and there are no selections" time="0.245">
    </testcase>
    <testcase classname="Peer - Exchange Job Comparison Grid should dispatch a LoadExchangeJobOrgs action when onSelectionChange is triggered and there are selections" name="Peer - Exchange Job Comparison Grid should dispatch a LoadExchangeJobOrgs action when onSelectionChange is triggered and there are selections" time="0.49">
    </testcase>
    <testcase classname="Peer - Exchange Job Comparison Grid should use a 2 decimal format for digit info when the selectedRate is hourly" name="Peer - Exchange Job Comparison Grid should use a 2 decimal format for digit info when the selectedRate is hourly" time="0.439">
    </testcase>
    <testcase classname="Peer - Exchange Job Comparison Grid should use a 1 decimal format for digit info when the selectedRate is annual" name="Peer - Exchange Job Comparison Grid should use a 1 decimal format for digit info when the selectedRate is annual" time="0.261">
    </testcase>
    <testcase classname="Peer - Exchange Job Comparison Grid should format companyBaseAverageField as hourly when the selectedRate is hourly" name="Peer - Exchange Job Comparison Grid should format companyBaseAverageField as hourly when the selectedRate is hourly" time="0.53">
    </testcase>
    <testcase classname="Peer - Exchange Job Comparison Grid should format companyBaseAverageField as annual when the selectedRate is annual" name="Peer - Exchange Job Comparison Grid should format companyBaseAverageField as annual when the selectedRate is annual" time="0.626">
    </testcase>
    <testcase classname="Peer - Exchange Job Comparison Grid should format exchangeBaseAverageField as hourly when the selectedRate is hourly" name="Peer - Exchange Job Comparison Grid should format exchangeBaseAverageField as hourly when the selectedRate is hourly" time="0.45">
    </testcase>
    <testcase classname="Peer - Exchange Job Comparison Grid should format exchangeBaseAverageField as annual when the selectedRate is annual" name="Peer - Exchange Job Comparison Grid should format exchangeBaseAverageField as annual when the selectedRate is annual" time="0.385">
    </testcase>
  </testsuite>
  <testsuite name="apps/peer/app/_manage/containers/exchange-job-mapping-info/exchange-job-mapping-info.component.spec.ts" errors="0" failures="0" skipped="0" timestamp="2019-08-05T19:48:05" time="21.799" tests="21">
    <testcase classname="Peer - Exchange Job Mapping Info should emit a closeClicked event, when the close button is clicked" name="Peer - Exchange Job Mapping Info should emit a closeClicked event, when the close button is clicked" time="0.79">
    </testcase>
    <testcase classname="Peer - Exchange Job Mapping Info should set the selectedExchangeJobMapping to the selected mapping from the store" name="Peer - Exchange Job Mapping Info should set the selectedExchangeJobMapping to the selected mapping from the store" time="0.3">
    </testcase>
    <testcase classname="Peer - Exchange Job Mapping Info should set the companyJobQuery to an empty string when a new exchange job mapping is selected" name="Peer - Exchange Job Mapping Info should set the companyJobQuery to an empty string when a new exchange job mapping is selected" time="0.274">
    </testcase>
    <testcase classname="Peer - Exchange Job Mapping Info should dispatch a LoadCompanyJobsToMapToByQuery action when a exchange job mapping that is not mapped is selected" name="Peer - Exchange Job Mapping Info should dispatch a LoadCompanyJobsToMapToByQuery action when a exchange job mapping that is not mapped is selected" time="0.216">
    </testcase>
    <testcase classname="Peer - Exchange Job Mapping Info should build job models, when receiving a mapped company job" name="Peer - Exchange Job Mapping Info should build job models, when receiving a mapped company job" time="0.181">
    </testcase>
    <testcase classname="Peer - Exchange Job Mapping Info should dispatch a LoadCompanyJobsToMapToByQuery action, when handling the search value changing" name="Peer - Exchange Job Mapping Info should dispatch a LoadCompanyJobsToMapToByQuery action, when handling the search value changing" time="0.155">
    </testcase>
    <testcase classname="Peer - Exchange Job Mapping Info should dispatch a ApplyMapping action, when handling an apply mapping event" name="Peer - Exchange Job Mapping Info should dispatch a ApplyMapping action, when handling an apply mapping event" time="2.532">
    </testcase>
    <testcase classname="Peer - Exchange Job Mapping Info should dispatch a CancelAddMapping action, when we are adding a mapping and cancel adding is clicked" name="Peer - Exchange Job Mapping Info should dispatch a CancelAddMapping action, when we are adding a mapping and cancel adding is clicked" time="0.437">
    </testcase>
    <testcase classname="Peer - Exchange Job Mapping Info should dispatch a AddMapping action, when clicking the add mapping button" name="Peer - Exchange Job Mapping Info should dispatch a AddMapping action, when clicking the add mapping button" time="0.678">
    </testcase>
    <testcase classname="Peer - Exchange Job Mapping Info should dispatch a LoadCompanyJobsToMapToByQuery action, when clicking the add mapping button" name="Peer - Exchange Job Mapping Info should dispatch a LoadCompanyJobsToMapToByQuery action, when clicking the add mapping button" time="0.351">
    </testcase>
    <testcase classname="Peer - Exchange Job Mapping Info should display an add mapping button, when the selected exchange job mapping is mapped" name="Peer - Exchange Job Mapping Info should display an add mapping button, when the selected exchange job mapping is mapped" time="0.308">
    </testcase>
    <testcase classname="Peer - Exchange Job Mapping Info should NOT display an add mapping button, when the selected exchange job mapping is not mapped" name="Peer - Exchange Job Mapping Info should NOT display an add mapping button, when the selected exchange job mapping is not mapped" time="0.318">
    </testcase>
    <testcase classname="Peer - Exchange Job Mapping Info should display a carousel when more than one company job is mapped" name="Peer - Exchange Job Mapping Info should display a carousel when more than one company job is mapped" time="0.277">
    </testcase>
    <testcase classname="Peer - Exchange Job Mapping Info should NOT dispatch SetActiveMapping with the ExchangeJobToCompanyJobId of the first company job mapping on init
  when there are NO companyJobMappings" name="Peer - Exchange Job Mapping Info should NOT dispatch SetActiveMapping with the ExchangeJobToCompanyJobId of the first company job mapping on init
  when there are NO companyJobMappings" time="0.244">
    </testcase>
    <testcase classname="Peer - Exchange Job Mapping Info should NOT dispatch SetActiveMapping with the ExchangeJobToCompanyJobId of the first company job mapping on init
  when the selectedCompanyJobMapping is no longer mapped" name="Peer - Exchange Job Mapping Info should NOT dispatch SetActiveMapping with the ExchangeJobToCompanyJobId of the first company job mapping on init
  when the selectedCompanyJobMapping is no longer mapped" time="0.255">
    </testcase>
    <testcase classname="Peer - Exchange Job Mapping Info should update selectedCompanyJob when the activeExchangeJobToCompanyJobId$ is changed" name="Peer - Exchange Job Mapping Info should update selectedCompanyJob when the activeExchangeJobToCompanyJobId$ is changed" time="0.215">
    </testcase>
    <testcase classname="Peer - Exchange Job Mapping Info should dispatch an OpenDeleteConfirmationModal action when handleDeleteClick is triggered" name="Peer - Exchange Job Mapping Info should dispatch an OpenDeleteConfirmationModal action when handleDeleteClick is triggered" time="0.163">
    </testcase>
    <testcase classname="Peer - Exchange Job Mapping Info should call carousel.next when handleControlRightClick is triggered" name="Peer - Exchange Job Mapping Info should call carousel.next when handleControlRightClick is triggered" time="0.177">
    </testcase>
    <testcase classname="Peer - Exchange Job Mapping Info should call carousel.prev when handleControlLeftClick is triggered" name="Peer - Exchange Job Mapping Info should call carousel.prev when handleControlLeftClick is triggered" time="0.204">
    </testcase>
    <testcase classname="Peer - Exchange Job Mapping Info should call carousel.select when handleIndicatorClick is triggered" name="Peer - Exchange Job Mapping Info should call carousel.select when handleIndicatorClick is triggered" time="0.181">
    </testcase>
    <testcase classname="Peer - Exchange Job Mapping Info should dispatch a SetActiveMapping action with the slide event&apos;s current value when onCarouselSlideChange is triggered" name="Peer - Exchange Job Mapping Info should dispatch a SetActiveMapping action with the slide event&apos;s current value when onCarouselSlideChange is triggered" time="0.13">
    </testcase>
  </testsuite>
  <testsuite name="apps/comphub/app/_main/containers/cards/jobs/job-card.component.spec.ts" errors="0" failures="0" skipped="0" timestamp="2019-08-05T19:48:21" time="16.938" tests="8">
    <testcase classname="Comphub - Main - Jobs Card Component should dispatch an action to set the selected job, when valid search option selected" name="Comphub - Main - Jobs Card Component should dispatch an action to set the selected job, when valid search option selected" time="1.823">
    </testcase>
    <testcase classname="Comphub - Main - Jobs Card Component should NOT dispatch a set selected job action when invalid search option selected" name="Comphub - Main - Jobs Card Component should NOT dispatch a set selected job action when invalid search option selected" time="1.301">
    </testcase>
    <testcase classname="Comphub - Main - Jobs Card Component should dispatch an action to clear the selected job when invalid search option selected and there is a selected job" name="Comphub - Main - Jobs Card Component should dispatch an action to clear the selected job when invalid search option selected and there is a selected job" time="0.747">
    </testcase>
    <testcase classname="Comphub - Main - Jobs Card Component should NOT dispatch an action to clear the selected job when invalid search option selected and there is not a selected job" name="Comphub - Main - Jobs Card Component should NOT dispatch an action to clear the selected job when invalid search option selected and there is not a selected job" time="1.687">
    </testcase>
    <testcase classname="Comphub - Main - Jobs Card Component should dispatch an action to get the job search options with the search term, when there is a non empty search term" name="Comphub - Main - Jobs Card Component should dispatch an action to get the job search options with the search term, when there is a non empty search term" time="3.894">
    </testcase>
    <testcase classname="Comphub - Main - Jobs Card Component should NOT dispatch an action to get the job search options, when there is an empty search term" name="Comphub - Main - Jobs Card Component should NOT dispatch an action to get the job search options, when there is an empty search term" time="1.458">
    </testcase>
    <testcase classname="Comphub - Main - Jobs Card Component should dispatch a SetSelectedJob action with the job title and navigateToNextCard set to true, when handling a trending job being clicked" name="Comphub - Main - Jobs Card Component should dispatch a SetSelectedJob action with the job title and navigateToNextCard set to true, when handling a trending job being clicked" time="1.922">
    </testcase>
    <testcase classname="Comphub - Main - Jobs Card Component should dispatch a UpdateActiveCountryDataSet action with the country code when handling the country data set changes" name="Comphub - Main - Jobs Card Component should dispatch a UpdateActiveCountryDataSet action with the country code when handling the country data set changes" time="2.139">
    </testcase>
  </testsuite>
  <testsuite name="apps/admin/app/_company-admin/containers/pages/user-role/user-role.page.spec.ts" errors="0" failures="0" skipped="0" timestamp="2019-08-05T19:48:31" time="15.638" tests="10">
    <testcase classname="UserRolePageComponent should create" name="UserRolePageComponent should create" time="0.849">
    </testcase>
    <testcase classname="UserRolePageComponent should match snapshot" name="UserRolePageComponent should match snapshot" time="0.671">
    </testcase>
    <testcase classname="UserRolePageComponent should display user roles in role-list" name="UserRolePageComponent should display user roles in role-list" time="0.578">
    </testcase>
    <testcase classname="UserRolePageComponent should dispatch OpenAddCompanyRoleModal when create user clicked" name="UserRolePageComponent should dispatch OpenAddCompanyRoleModal when create user clicked" time="0.38">
    </testcase>
    <testcase classname="UserRolePageComponent should call UpdateUserTabCurrentUserRole and dispatch UpdateUserTabCurrentUserRole when click role" name="UserRolePageComponent should call UpdateUserTabCurrentUserRole and dispatch UpdateUserTabCurrentUserRole when click role" time="1.117">
    </testcase>
    <testcase classname="UserRolePageComponent should call UpdateCurrentUserRoleViewTabState and dispatch UpdateUserRoleTabState when tab click" name="UserRolePageComponent should call UpdateCurrentUserRoleViewTabState and dispatch UpdateUserRoleTabState when tab click" time="2.133">
    </testcase>
    <testcase classname="UserRolePageComponent should disable Save button when saveChanges is called" name="UserRolePageComponent should disable Save button when saveChanges is called" time="1.316">
    </testcase>
    <testcase classname="UserRolePageComponent should cancel all changes when cancelChanges is called" name="UserRolePageComponent should cancel all changes when cancelChanges is called" time="1.138">
    </testcase>
    <testcase classname="UserRolePageComponent should delete role when deleteRole is called and user confirms" name="UserRolePageComponent should delete role when deleteRole is called and user confirms" time="1.056">
    </testcase>
    <testcase classname="UserRolePageComponent should not delete role when user does not confirm" name="UserRolePageComponent should not delete role when user does not confirm" time="1.782">
    </testcase>
  </testsuite>
  <testsuite name="libs/features/peer/job-association/containers/exchange-jobs/exchange-jobs.component.spec.ts" errors="0" failures="0" skipped="0" timestamp="2019-08-05T19:48:09" time="27.369" tests="14">
    <testcase classname="ExchangeJobsComponent should create" name="ExchangeJobsComponent should create" time="1.128">
    </testcase>
    <testcase classname="ExchangeJobsComponent should show total exchange jobs" name="ExchangeJobsComponent should show total exchange jobs" time="0.53">
    </testcase>
    <testcase classname="ExchangeJobsComponent should fire the right actions when the grid state is changed" name="ExchangeJobsComponent should fire the right actions when the grid state is changed" time="0.284">
    </testcase>
    <testcase classname="ExchangeJobsComponent should fire the UpdateSearchTerm action when the search term is changed" name="ExchangeJobsComponent should fire the UpdateSearchTerm action when the search term is changed" time="0.295">
    </testcase>
    <testcase classname="ExchangeJobsComponent should not fire the LoadExchangeJobs action when the search term is one character" name="ExchangeJobsComponent should not fire the LoadExchangeJobs action when the search term is one character" time="0.339">
    </testcase>
    <testcase classname="ExchangeJobsComponent should fire the correct actions when the search term is more than one character" name="ExchangeJobsComponent should fire the correct actions when the search term is more than one character" time="0.691">
    </testcase>
    <testcase classname="ExchangeJobsComponent should fire the expected action when handleAssociateClick is clicked" name="ExchangeJobsComponent should fire the expected action when handleAssociateClick is clicked" time="2.94">
    </testcase>
    <testcase classname="ExchangeJobsComponent should not fire an action when handleAssociateClick is clicked and isAssociable returns false" name="ExchangeJobsComponent should not fire an action when handleAssociateClick is clicked and isAssociable returns false" time="1.296">
    </testcase>
    <testcase classname="ExchangeJobsComponent should create the correct associate button tooltip msg when no jobs are selected" name="ExchangeJobsComponent should create the correct associate button tooltip msg when no jobs are selected" time="0.388">
    </testcase>
    <testcase classname="ExchangeJobsComponent should create the correct associate button tooltip msg when the job is associable" name="ExchangeJobsComponent should create the correct associate button tooltip msg when the job is associable" time="0.503">
    </testcase>
    <testcase classname="ExchangeJobsComponent should create the correct associate button tooltip msg when there are &gt; 10 associations" name="ExchangeJobsComponent should create the correct associate button tooltip msg when there are &gt; 10 associations" time="0.614">
    </testcase>
    <testcase classname="ExchangeJobsComponent should create the correct associate button tooltip msg when the job is already associated to an exchange" name="ExchangeJobsComponent should create the correct associate button tooltip msg when the job is already associated to an exchange" time="0.716">
    </testcase>
    <testcase classname="ExchangeJobsComponent should not call the kendo api when collapseDetailRow is invoked and detailRowId is not set" name="ExchangeJobsComponent should not call the kendo api when collapseDetailRow is invoked and detailRowId is not set" time="0.691">
    </testcase>
    <testcase classname="ExchangeJobsComponent should call the kendo api when collapseDetailRow is invoked and detailRowId is set" name="ExchangeJobsComponent should call the kendo api when collapseDetailRow is invoked and detailRowId is set" time="0.589">
    </testcase>
  </testsuite>
  <testsuite name="apps/admin/app/_peer/containers/pages/exchange-job-association-utility/exchange-job-association-utility.page.spec.ts" errors="0" failures="0" skipped="0" timestamp="2019-08-05T19:47:19" time="80.92" tests="16">
    <testcase classname="Admin - Exchange Job Association Utility Page should dispatch LoadCompanyOptions action on init" name="Admin - Exchange Job Association Utility Page should dispatch LoadCompanyOptions action on init" time="3.761">
    </testcase>
    <testcase classname="Admin - Exchange Job Association Utility Page should only have 10 filteredCompanyOptions" name="Admin - Exchange Job Association Utility Page should only have 10 filteredCompanyOptions" time="1.379">
    </testcase>
    <testcase classname="Admin - Exchange Job Association Utility Page should only have 10 filteredCompanyOptions after handleCompanyFilterChange is triggered" name="Admin - Exchange Job Association Utility Page should only have 10 filteredCompanyOptions after handleCompanyFilterChange is triggered" time="1.11">
    </testcase>
    <testcase classname="Admin - Exchange Job Association Utility Page should filter companyOptions when handleCompanyFilterChange is triggered" name="Admin - Exchange Job Association Utility Page should filter companyOptions when handleCompanyFilterChange is triggered" time="1.345">
    </testcase>
    <testcase classname="Admin - Exchange Job Association Utility Page should filter exchangeOptions when handleExchangeFilterChange is triggered" name="Admin - Exchange Job Association Utility Page should filter exchangeOptions when handleExchangeFilterChange is triggered" time="1.322">
    </testcase>
    <testcase classname="Admin - Exchange Job Association Utility Page should toggle companyOptions combobox off when handleCompanyFilterChange is triggered and no options meet the
  criteria" name="Admin - Exchange Job Association Utility Page should toggle companyOptions combobox off when handleCompanyFilterChange is triggered and no options meet the
  criteria" time="1.294">
    </testcase>
    <testcase classname="Admin - Exchange Job Association Utility Page should toggle exchangeOptions combobox off when handleExchangeFilterChange is triggered and no options meet the
  criteria" name="Admin - Exchange Job Association Utility Page should toggle exchangeOptions combobox off when handleExchangeFilterChange is triggered and no options meet the
  criteria" time="0.94">
    </testcase>
    <testcase classname="Admin - Exchange Job Association Utility Page should display &apos;Run&apos; button as disabled on init" name="Admin - Exchange Job Association Utility Page should display &apos;Run&apos; button as disabled on init" time="0.687">
    </testcase>
    <testcase classname="Admin - Exchange Job Association Utility Page should NOT display &apos;Run&apos; button as disabled when there is both an exchangeSelection and companySelection" name="Admin - Exchange Job Association Utility Page should NOT display &apos;Run&apos; button as disabled when there is both an exchangeSelection and companySelection" time="0.879">
    </testcase>
    <testcase classname="Admin - Exchange Job Association Utility Page should trigger an AssociateJobs action when the &apos;Run&apos; button is clicked" name="Admin - Exchange Job Association Utility Page should trigger an AssociateJobs action when the &apos;Run&apos; button is clicked" time="1.861">
    </testcase>
    <testcase classname="Admin - Exchange Job Association Utility Page should enable exchange selection combobox when companySelection is valid" name="Admin - Exchange Job Association Utility Page should enable exchange selection combobox when companySelection is valid" time="2.459">
    </testcase>
    <testcase classname="Admin - Exchange Job Association Utility Page should reset the exchangeSelectionControl when handleCompanySelectionChange is triggered" name="Admin - Exchange Job Association Utility Page should reset the exchangeSelectionControl when handleCompanySelectionChange is triggered" time="1.151">
    </testcase>
    <testcase classname="Admin - Exchange Job Association Utility Page should dispatch a LoadExchangeOptions action when handleCompanySelectionChange is triggered and
  there is a selection" name="Admin - Exchange Job Association Utility Page should dispatch a LoadExchangeOptions action when handleCompanySelectionChange is triggered and
  there is a selection" time="1.123">
    </testcase>
    <testcase classname="Admin - Exchange Job Association Utility Page should NOT dispatch a LoadExchangeOptions action when handleCompanySelectionChange is triggered and
  there is no selection" name="Admin - Exchange Job Association Utility Page should NOT dispatch a LoadExchangeOptions action when handleCompanySelectionChange is triggered and
  there is no selection" time="1.257">
    </testcase>
    <testcase classname="Admin - Exchange Job Association Utility Page should display success alert when not currently associating, a run has been attempted, and there was NO error" name="Admin - Exchange Job Association Utility Page should display success alert when not currently associating, a run has been attempted, and there was NO error" time="1.408">
    </testcase>
    <testcase classname="Admin - Exchange Job Association Utility Page should display danger alert when not currently associating, a run has been attempted, and there was an error" name="Admin - Exchange Job Association Utility Page should display danger alert when not currently associating, a run has been attempted, and there was an error" time="2.094">
    </testcase>
  </testsuite>
  <testsuite name="apps/job-description-management/app/_job-description/components/popovers/filter-selector/filter-selector-popover.component.spec.ts" errors="0" failures="0" skipped="0" timestamp="2019-08-05T19:48:31" time="31.973" tests="8">
    <testcase classname="Job Description Management - Job Description - Filter Selector Popover should return an empty string, when calling displayFilterDescription and no columns exist in listAreaColumns/customListAreaColumns" name="Job Description Management - Job Description - Filter Selector Popover should return an empty string, when calling displayFilterDescription and no columns exist in listAreaColumns/customListAreaColumns" time="1.854">
    </testcase>
    <testcase classname="Job Description Management - Job Description - Filter Selector Popover should return a filter description, when calling displayFilterDescription and columns exist in listAreaColumns/customListAreaColumns" name="Job Description Management - Job Description - Filter Selector Popover should return a filter description, when calling displayFilterDescription and columns exist in listAreaColumns/customListAreaColumns" time="2.434">
    </testcase>
    <testcase classname="Job Description Management - Job Description - Filter Selector Popover should do nothing, when calling selectFilter and attemptedDelete or deleting are true" name="Job Description Management - Job Description - Filter Selector Popover should do nothing, when calling selectFilter and attemptedDelete or deleting are true" time="2.293">
    </testcase>
    <testcase classname="Job Description Management - Job Description - Filter Selector Popover should emit selected filter data and close popover, when calling selectFilter and attemptedDelete and deleting are false" name="Job Description Management - Job Description - Filter Selector Popover should emit selected filter data and close popover, when calling selectFilter and attemptedDelete and deleting are false" time="1.508">
    </testcase>
    <testcase classname="Job Description Management - Job Description - Filter Selector Popover should set preliminary values for filter deletion, when calling deleteFilter" name="Job Description Management - Job Description - Filter Selector Popover should set preliminary values for filter deletion, when calling deleteFilter" time="1.665">
    </testcase>
    <testcase classname="Job Description Management - Job Description - Filter Selector Popover should set attemptedDelete to false and then do nothing, when calling confirmDelete and idDeleting is null" name="Job Description Management - Job Description - Filter Selector Popover should set attemptedDelete to false and then do nothing, when calling confirmDelete and idDeleting is null" time="1.306">
    </testcase>
    <testcase classname="Job Description Management - Job Description - Filter Selector Popover should set attemptedDelete to false and then emit the id to delete, when calling confirmDelete and idDeleting is not null" name="Job Description Management - Job Description - Filter Selector Popover should set attemptedDelete to false and then emit the id to delete, when calling confirmDelete and idDeleting is not null" time="2.166">
    </testcase>
    <testcase classname="Job Description Management - Job Description - Filter Selector Popover should reset attemptedDelete &amp; idDeleting, when calling cancelDelete" name="Job Description Management - Job Description - Filter Selector Popover should reset attemptedDelete &amp; idDeleting, when calling cancelDelete" time="2.324">
    </testcase>
  </testsuite>
  <testsuite name="apps/community/app/_main/containers/community-text-area/community-text-area.component.spec.ts" errors="0" failures="0" skipped="0" timestamp="2019-08-05T19:48:31" time="40.48" tests="18">
    <testcase classname="CommunityTextAreaComponent should show community text area" name="CommunityTextAreaComponent should show community text area" time="2.223">
    </testcase>
    <testcase classname="CommunityTextAreaComponent should on arrow key down should set the selected tag" name="CommunityTextAreaComponent should on arrow key down should set the selected tag" time="1.171">
    </testcase>
    <testcase classname="CommunityTextAreaComponent should on arrow key down should set the selected tag when there are multiple tags" name="CommunityTextAreaComponent should on arrow key down should set the selected tag when there are multiple tags" time="6.368">
    </testcase>
    <testcase classname="CommunityTextAreaComponent should onKeyDown not invoke prevent default if suggested tags empty and container is not visible" name="CommunityTextAreaComponent should onKeyDown not invoke prevent default if suggested tags empty and container is not visible" time="1.266">
    </testcase>
    <testcase classname="CommunityTextAreaComponent should onKeyDown not invoke prevent default if suggested tags has value but container is not visible" name="CommunityTextAreaComponent should onKeyDown not invoke prevent default if suggested tags has value but container is not visible" time="0.626">
    </testcase>
    <testcase classname="CommunityTextAreaComponent should on arrow down it should prevent default" name="CommunityTextAreaComponent should on arrow down it should prevent default" time="1.648">
    </testcase>
    <testcase classname="CommunityTextAreaComponent should on arrow key up set suggested tag" name="CommunityTextAreaComponent should on arrow key up set suggested tag" time="0.939">
    </testcase>
    <testcase classname="CommunityTextAreaComponent should on arrow key up set suggested tag when multiple tags" name="CommunityTextAreaComponent should on arrow key up set suggested tag when multiple tags" time="0.423">
    </testcase>
    <testcase classname="CommunityTextAreaComponent should when selecting tag empty out suggestions" name="CommunityTextAreaComponent should when selecting tag empty out suggestions" time="0.274">
    </testcase>
    <testcase classname="CommunityTextAreaComponent should on key up empty tag suggestions " name="CommunityTextAreaComponent should on key up empty tag suggestions " time="0.23">
    </testcase>
    <testcase classname="CommunityTextAreaComponent should on key up get suggested matches " name="CommunityTextAreaComponent should on key up get suggested matches " time="0.32">
    </testcase>
    <testcase classname="CommunityTextAreaComponent should getMatches return empty array when slice of text empty " name="CommunityTextAreaComponent should getMatches return empty array when slice of text empty " time="0.152">
    </testcase>
    <testcase classname="CommunityTextAreaComponent should getMatches return array of matches when slice of text has hashtag " name="CommunityTextAreaComponent should getMatches return array of matches when slice of text has hashtag " time="0.111">
    </testcase>
    <testcase classname="CommunityTextAreaComponent should not call autogrow when the offset of text area with is 0" name="CommunityTextAreaComponent should not call autogrow when the offset of text area with is 0" time="0.088">
    </testcase>
    <testcase classname="CommunityTextAreaComponent should not call autogrow when the offset with of text area is greater than 0" name="CommunityTextAreaComponent should not call autogrow when the offset with of text area is greater than 0" time="0.104">
    </testcase>
    <testcase classname="CommunityTextAreaComponent should return false for  hasTextareaOffsetWidth with offset zero " name="CommunityTextAreaComponent should return false for  hasTextareaOffsetWidth with offset zero " time="0.142">
    </testcase>
    <testcase classname="CommunityTextAreaComponent should set text area height to the scroll height of the discussion text area" name="CommunityTextAreaComponent should set text area height to the scroll height of the discussion text area" time="0.163">
    </testcase>
    <testcase classname="CommunityTextAreaComponent should equal suggested tags on click out" name="CommunityTextAreaComponent should equal suggested tags on click out" time="0.126">
    </testcase>
  </testsuite>
  <testsuite name="apps/admin/app/_company-admin/containers/add-company-role-modal/add-company-role-modal.spec.ts" errors="0" failures="0" skipped="0" timestamp="2019-08-05T19:47:19" time="113.855" tests="5">
    <testcase classname="AddCompanyRoleModalComponent should create" name="AddCompanyRoleModalComponent should create" time="7.207">
    </testcase>
    <testcase classname="AddCompanyRoleModalComponent should match snapshot" name="AddCompanyRoleModalComponent should match snapshot" time="5.404">
    </testcase>
    <testcase classname="AddCompanyRoleModalComponent should dispatch the CloseAddCompanyRoleModal action when the modal is dismissed" name="AddCompanyRoleModalComponent should dispatch the CloseAddCompanyRoleModal action when the modal is dismissed" time="7.125">
    </testcase>
    <testcase classname="AddCompanyRoleModalComponent should dispatch AddCompanyRole action when the modal is submitted" name="AddCompanyRoleModalComponent should dispatch AddCompanyRole action when the modal is submitted" time="18.916">
    </testcase>
    <testcase classname="AddCompanyRoleModalComponent should trim entered text fields on blur" name="AddCompanyRoleModalComponent should trim entered text fields on blur" time="15.411">
    </testcase>
  </testsuite>
  <testsuite name="apps/job-description-management/app/_job-description/containers/pages/job-description-list/job-description-list.page.spec.ts" errors="0" failures="0" skipped="0" timestamp="2019-08-05T19:47:19" time="113.349" tests="25">
    <testcase classname="Job Description Management - Job Description - Job Description List Page should dispatch a CreateJobDescription action, when calling appliesToFormCompleted with templateId of -1" name="Job Description Management - Job Description - Job Description List Page should dispatch a CreateJobDescription action, when calling appliesToFormCompleted with templateId of -1" time="1.765">
    </testcase>
    <testcase classname="Job Description Management - Job Description - Job Description List Page should dispatch a SaveCompanyJobsJobDescriptionTemplateId action, when calling appliesToFormCompleted with templateId not -1" name="Job Description Management - Job Description - Job Description List Page should dispatch a SaveCompanyJobsJobDescriptionTemplateId action, when calling appliesToFormCompleted with templateId not -1" time="2.949">
    </testcase>
    <testcase classname="Job Description Management - Job Description - Job Description List Page should return a QueryListStateRequest object containing the latest listFilter and gridState, when getQueryListStateRequest is called" name="Job Description Management - Job Description - Job Description List Page should return a QueryListStateRequest object containing the latest listFilter and gridState, when getQueryListStateRequest is called" time="0.378">
    </testcase>
    <testcase classname="Job Description Management - Job Description - Job Description List Page should dispatch an OpenBulkExportPopover action, when calling handleBulkExportPopoverOpened" name="Job Description Management - Job Description - Job Description List Page should dispatch an OpenBulkExportPopover action, when calling handleBulkExportPopoverOpened" time="0.396">
    </testcase>
    <testcase classname="Job Description Management - Job Description - Job Description List Page should reset the gridState &amp; dispatch a LoadJobDescriptionGrid action, when calling handleClearAllFilters" name="Job Description Management - Job Description - Job Description List Page should reset the gridState &amp; dispatch a LoadJobDescriptionGrid action, when calling handleClearAllFilters" time="0.859">
    </testcase>
    <testcase classname="Job Description Management - Job Description - Job Description List Page should remove filter from the gridState, when calling handleClearFilter" name="Job Description Management - Job Description - Job Description List Page should remove filter from the gridState, when calling handleClearFilter" time="0.947">
    </testcase>
    <testcase classname="Job Description Management - Job Description - Job Description List Page should dispatch an UpdateListAreaColumn action, when calling handleColumnModified" name="Job Description Management - Job Description - Job Description List Page should dispatch an UpdateListAreaColumn action, when calling handleColumnModified" time="1.953">
    </testcase>
    <testcase classname="Job Description Management - Job Description - Job Description List Page should dispatch a CreateJobDescription action, when calling handleCreateCompanyJobComplete with addAndAssign equal to true" name="Job Description Management - Job Description - Job Description List Page should dispatch a CreateJobDescription action, when calling handleCreateCompanyJobComplete with addAndAssign equal to true" time="1.093">
    </testcase>
    <testcase classname="Job Description Management - Job Description - Job Description List Page should dispatch a LoadJobDescriptionGrid action, when calling handleCreateCompanyJobComplete with addAndAssign equal to false" name="Job Description Management - Job Description - Job Description List Page should dispatch a LoadJobDescriptionGrid action, when calling handleCreateCompanyJobComplete with addAndAssign equal to false" time="0.581">
    </testcase>
    <testcase classname="Job Description Management - Job Description - Job Description List Page should pass along filters to filterThrottle, when calling handleFilterChanged" name="Job Description Management - Job Description - Job Description List Page should pass along filters to filterThrottle, when calling handleFilterChanged" time="0.578">
    </testcase>
    <testcase classname="Job Description Management - Job Description - Job Description List Page should set the gridState skip value to that of the skip value in event, when calling handlePageChanged" name="Job Description Management - Job Description - Job Description List Page should set the gridState skip value to that of the skip value in event, when calling handlePageChanged" time="0.767">
    </testcase>
    <testcase classname="Job Description Management - Job Description - Job Description List Page should dispatch a SaveListAreaColumns action, when calling handleSaveColumns" name="Job Description Management - Job Description - Job Description List Page should dispatch a SaveListAreaColumns action, when calling handleSaveColumns" time="0.837">
    </testcase>
    <testcase classname="Job Description Management - Job Description - Job Description List Page should set the sort parameter to the gridState sort array, when calling handleSortChanged" name="Job Description Management - Job Description - Job Description List Page should set the sort parameter to the gridState sort array, when calling handleSortChanged" time="0.824">
    </testcase>
    <testcase classname="Job Description Management - Job Description - Job Description List Page should dispatch a LoadUserFilterList action, when calling handleSaveFilterModalOpened" name="Job Description Management - Job Description - Job Description List Page should dispatch a LoadUserFilterList action, when calling handleSaveFilterModalOpened" time="0.882">
    </testcase>
    <testcase classname="Job Description Management - Job Description - Job Description List Page should dispatch a SaveCompanyJobsJobDescriptionTemplateId action, when calling handleTemplateAssignedToJob" name="Job Description Management - Job Description - Job Description List Page should dispatch a SaveCompanyJobsJobDescriptionTemplateId action, when calling handleTemplateAssignedToJob" time="1.21">
    </testcase>
    <testcase classname="Job Description Management - Job Description - Job Description List Page should dispatch a DeleteUserFilter action, when calling handleUserFilterDeleteConfirmed" name="Job Description Management - Job Description - Job Description List Page should dispatch a DeleteUserFilter action, when calling handleUserFilterDeleteConfirmed" time="2.905">
    </testcase>
    <testcase classname="Job Description Management - Job Description - Job Description List Page should dispatch a LoadUserFilterList action, when calling handleUserFilterListPopoverOpened" name="Job Description Management - Job Description - Job Description List Page should dispatch a LoadUserFilterList action, when calling handleUserFilterListPopoverOpened" time="2.46">
    </testcase>
    <testcase classname="Job Description Management - Job Description - Job Description List Page should re-assign filters, when calling handleUserFilterSelected" name="Job Description Management - Job Description - Job Description List Page should re-assign filters, when calling handleUserFilterSelected" time="2.453">
    </testcase>
    <testcase classname="Job Description Management - Job Description - Job Description List Page should dispatch LoadControlLabels &amp; LoadJobInformationFieldsForBulkExport actions for handleViewSelectionChangedOnBulkExport" name="Job Description Management - Job Description - Job Description List Page should dispatch LoadControlLabels &amp; LoadJobInformationFieldsForBulkExport actions for handleViewSelectionChangedOnBulkExport" time="2.497">
    </testcase>
    <testcase classname="Job Description Management - Job Description - Job Description List Page should open assignJobToTemplateModalComponent, when calling openAssignJobModal" name="Job Description Management - Job Description - Job Description List Page should open assignJobToTemplateModalComponent, when calling openAssignJobModal" time="8.997">
    </testcase>
    <testcase classname="Job Description Management - Job Description - Job Description List Page should open jobDescriptionHistoryModalComponent, when calling openJobDescriptionHistoryModal" name="Job Description Management - Job Description - Job Description List Page should open jobDescriptionHistoryModalComponent, when calling openJobDescriptionHistoryModal" time="5.388">
    </testcase>
[...]
    </testcase>
    <testcase classname="OrgDataFilenamePatternSetFactory create function should return structures filename pattern override when setting is present" name="OrgDataFilenamePatternSetFactory create function should return structures filename pattern override when setting is present" time="0.001">
    </testcase>
    <testcase classname="OrgDataFilenamePatternSetFactory create function should return pattern that is not start with restricted when override pattern does not begin with a caret" name="OrgDataFilenamePatternSetFactory create function should return pattern that is not start with restricted when override pattern does not begin with a caret" time="0">
    </testcase>
    <testcase classname="OrgDataFilenamePatternSetFactory create function should return pattern that is start with restricted when override pattern begins with a caret" name="OrgDataFilenamePatternSetFactory create function should return pattern that is start with restricted when override pattern begins with a caret" time="0.001">
    </testcase>
    <testcase classname="OrgDataFilenamePatternSetFactory create function should return pattern without caret at start" name="OrgDataFilenamePatternSetFactory create function should return pattern without caret at start" time="0">
    </testcase>
  </testsuite>
  <testsuite name="apps/project/app/survey-search/components/matches-details-tooltip/matches-details-tooltip.component.spec.ts" errors="0" failures="0" skipped="0" timestamp="2019-08-05T19:50:36" time="1.833" tests="2">
    <testcase classname="Project - Survey Search - Matches Details Tooltip should reposition tooltip element when tooltip height is overlapped the window height" name="Project - Survey Search - Matches Details Tooltip should reposition tooltip element when tooltip height is overlapped the window height" time="0.095">
    </testcase>
    <testcase classname="Project - Survey Search - Matches Details Tooltip should not reposition tooltip element when tooltip height is not overlapped the window height" name="Project - Survey Search - Matches Details Tooltip should not reposition tooltip element when tooltip height is not overlapped the window height" time="0.055">
    </testcase>
  </testsuite>
  <testsuite name="libs/ui/common/loading/user-context/loading-user-context.component.spec.ts" errors="0" failures="0" skipped="0" timestamp="2019-08-05T19:50:38" time="0.606" tests="2">
    <testcase classname="Loading User Context should dispatch a GetUserContext action upon Init" name="Loading User Context should dispatch a GetUserContext action upon Init" time="0.052">
    </testcase>
    <testcase classname="Loading User Context should show a router outlet, when we are not getting the user context" name="Loading User Context should show a router outlet, when we are not getting the user context" time="0.035">
    </testcase>
  </testsuite>
  <testsuite name="apps/data-management/app/_main/containers/pages/manage-data/manage-data.page.spec.ts" errors="0" failures="0" skipped="0" timestamp="2019-08-05T19:50:38" time="0.779" tests="1">
    <testcase classname="ManageDataPageComponent should create" name="ManageDataPageComponent should create" time="0.047">
    </testcase>
  </testsuite>
  <testsuite name="apps/comphub/app/_main/components/trending-job-group/trending-job-group.component.spec.ts" errors="0" failures="0" skipped="0" timestamp="2019-08-05T19:50:37" time="1.662" tests="3">
    <testcase classname="Comphub - Main - Trending Job Group should NOT emit a trendingJobClicked event when handling a trending job click, and there is selected text" name="Comphub - Main - Trending Job Group should NOT emit a trendingJobClicked event when handling a trending job click, and there is selected text" time="0.149">
    </testcase>
    <testcase classname="Comphub - Main - Trending Job Group should NOT emit a trendingJobClicked event when handling a trending job click, and the group is disabled" name="Comphub - Main - Trending Job Group should NOT emit a trendingJobClicked event when handling a trending job click, and the group is disabled" time="0.099">
    </testcase>
    <testcase classname="Comphub - Main - Trending Job Group should emit a trendingJobClicked event when handling a trending job click, and there is no selected text" name="Comphub - Main - Trending Job Group should emit a trendingJobClicked event when handling a trending job click, and there is no selected text" time="0.209">
    </testcase>
  </testsuite>
  <testsuite name="apps/data-management/app/_main/containers/pages/transfer-data/transfer-data.page.spec.ts" errors="0" failures="0" skipped="0" timestamp="2019-08-05T19:50:38" time="1.379" tests="1">
    <testcase classname="TransferDataPageComponent should create" name="TransferDataPageComponent should create" time="0.079">
    </testcase>
  </testsuite>
  <testsuite name="apps/peer/app/_manage/components/job-info-container/job-info-container.component.spec.ts" errors="0" failures="0" skipped="0" timestamp="2019-08-05T19:50:37" time="1.62" tests="1">
    <testcase classname="Peer - Job Info Container should show the job code, when showJobCode is true" name="Peer - Job Info Container should show the job code, when showJobCode is true" time="0.256">
    </testcase>
  </testsuite>
  <testsuite name="apps/admin/app/_tickets/containers/ticket/ticket.component.spec.ts" errors="0" failures="0" skipped="0" timestamp="2019-08-05T19:50:37" time="2.318" tests="1">
    <testcase classname="Admin - Tickets - Ticket should dispatch InitializeTicket action upon init. Containing the ticketId assigned to the component" name="Admin - Tickets - Ticket should dispatch InitializeTicket action upon init. Containing the ticketId assigned to the component" time="0.567">
    </testcase>
  </testsuite>
  <testsuite name="apps/peer/app/_dashboard/containers/exchange-dashboard-tc-modal/exchange-dashboard-tc-modal.component.spec.ts" errors="0" failures="0" skipped="0" timestamp="2019-08-05T19:50:37" time="1.88" tests="2">
    <testcase classname="Exchange Dashboard TC Modal should call LoadTermsAndConditions action on init" name="Exchange Dashboard TC Modal should call LoadTermsAndConditions action on init" time="0.092">
    </testcase>
    <testcase classname="Exchange Dashboard TC Modal should dispatch SubmittingTermsAndConditionsResponse when calling submitTC" name="Exchange Dashboard TC Modal should dispatch SubmittingTermsAndConditionsResponse when calling submitTC" time="0.041">
    </testcase>
  </testsuite>
  <testsuite name="apps/admin/app/_org-data-loader/reducers/org-data-filename-patterns.reducer.spec.ts" errors="0" failures="0" skipped="0" timestamp="2019-08-05T19:50:38" time="1.208" tests="7">
    <testcase classname="org-data-filename-patterns-reducer should return initial state given LoadingLoaderSettings action" name="org-data-filename-patterns-reducer should return initial state given LoadingLoaderSettings action" time="0.002">
    </testcase>
    <testcase classname="org-data-filename-patterns-reducer should return initial state given LoadingLoaderSettingsError action" name="org-data-filename-patterns-reducer should return initial state given LoadingLoaderSettingsError action" time="0">
    </testcase>
    <testcase classname="org-data-filename-patterns-reducer should return initial state given SavingLoaderSettings action" name="org-data-filename-patterns-reducer should return initial state given SavingLoaderSettings action" time="0.001">
    </testcase>
    <testcase classname="org-data-filename-patterns-reducer should return initial state given SavingLoaderSettingsError action" name="org-data-filename-patterns-reducer should return initial state given SavingLoaderSettingsError action" time="0">
    </testcase>
    <testcase classname="org-data-filename-patterns-reducer should return initial state given SavingLoaderSettingsSuccess action" name="org-data-filename-patterns-reducer should return initial state given SavingLoaderSettingsSuccess action" time="0.001">
    </testcase>
    <testcase classname="org-data-filename-patterns-reducer Given LoadingLoaderSettingsSuccess action should return current state given null settings" name="org-data-filename-patterns-reducer Given LoadingLoaderSettingsSuccess action should return current state given null settings" time="0">
    </testcase>
    <testcase classname="org-data-filename-patterns-reducer Given LoadingLoaderSettingsSuccess action should call create on the factory" name="org-data-filename-patterns-reducer Given LoadingLoaderSettingsSuccess action should call create on the factory" time="0.001">
    </testcase>
  </testsuite>
  <testsuite name="libs/features/peer/map/components/associated-exchange-job-list/associated-exchange-job-list.component.spec.ts" errors="0" failures="0" skipped="0" timestamp="2019-08-05T19:50:38" time="1.205" tests="1">
    <testcase classname="ExchangeJobComponent should create" name="ExchangeJobComponent should create" time="0.092">
    </testcase>
  </testsuite>
  <testsuite name="libs/data/payfactors-api/integration/integration-api.service.spec.ts" errors="0" failures="0" skipped="0" timestamp="2019-08-05T19:50:38" time="1.296" tests="3">
    <testcase classname="IntegrationApiService should be created" name="IntegrationApiService should be created" time="0.04">
    </testcase>
    <testcase classname="IntegrationApiService should fetch Auth JWTs" name="IntegrationApiService should fetch Auth JWTs" time="0.022">
    </testcase>
    <testcase classname="IntegrationApiService should download composite summary files" name="IntegrationApiService should download composite summary files" time="0.027">
    </testcase>
  </testsuite>
  <testsuite name="apps/dashboard/app/_main/containers/user-voice/user-voice-indicator.component.spec.ts" errors="0" failures="0" skipped="0" timestamp="2019-08-05T19:50:38" time="1.627" tests="2">
    <testcase classname="User Voice Indicator should dispatch a LoadingUserVoice upon Init" name="User Voice Indicator should dispatch a LoadingUserVoice upon Init" time="0.115">
    </testcase>
    <testcase classname="User Voice Indicator should contain user voice url with sidebar Url " name="User Voice Indicator should contain user voice url with sidebar Url " time="0.051">
    </testcase>
  </testsuite>
  <testsuite name="libs/ui/common/error/pages/not-found-error/not-found-error.page.spec.ts" errors="0" failures="0" skipped="0" timestamp="2019-08-05T19:50:47" time="2.072" tests="1">
    <testcase classname="Not Found Error Page should show the error message" name="Not Found Error Page should show the error message" time="0.088">
    </testcase>
  </testsuite>
  <testsuite name="libs/ui/common/content/navigation-links/navigation-links.component.spec.ts" errors="0" failures="0" skipped="0" timestamp="2019-08-05T19:50:47" time="2.2" tests="1">
    <testcase classname="Pf-Admin - Navigation - Navigation Links Should display navigation group items" name="Pf-Admin - Navigation - Navigation Links Should display navigation group items" time="0.239">
    </testcase>
  </testsuite>
  <testsuite name="libs/forms/validators/pf-email-validators.spec.ts" errors="0" failures="0" skipped="0" timestamp="2019-08-05T19:50:47" time="2.204" tests="9">
    <testcase classname="PfEmailValidators emailFormat should correctly validate an email" name="PfEmailValidators emailFormat should correctly validate an email" time="0.004">
    </testcase>
    <testcase classname="PfEmailValidators emailFormat should reject email without a strudel" name="PfEmailValidators emailFormat should reject email without a strudel" time="0.002">
    </testcase>
    <testcase classname="PfEmailValidators emailFormat should reject email without a period" name="PfEmailValidators emailFormat should reject email without a period" time="0">
    </testcase>
    <testcase classname="PfEmailValidators emailFormat should reject email with spaces" name="PfEmailValidators emailFormat should reject email with spaces" time="0.001">
    </testcase>
    <testcase classname="PfEmailValidators emailFormat should accept email with hyphen" name="PfEmailValidators emailFormat should accept email with hyphen" time="0">
    </testcase>
    <testcase classname="PfEmailValidators emailFormat should accept email with apostrophe" name="PfEmailValidators emailFormat should accept email with apostrophe" time="0.001">
    </testcase>
    <testcase classname="PfEmailValidators workEmail should reject email with invalid domain and return domain" name="PfEmailValidators workEmail should reject email with invalid domain and return domain" time="0.001">
    </testcase>
    <testcase classname="PfEmailValidators workEmail should reject email with invalid domain case insensitive and return domain" name="PfEmailValidators workEmail should reject email with invalid domain case insensitive and return domain" time="0">
    </testcase>
    <testcase classname="PfEmailValidators workEmail should accept email with valid domain" name="PfEmailValidators workEmail should accept email with valid domain" time="0">
    </testcase>
  </testsuite>
  <testsuite name="apps/community/app/_main/components/community-back-to-top-navigation/community-back-to-top-navigation.component.spec.ts" errors="0" failures="0" skipped="0" timestamp="2019-08-05T19:50:47" time="2.455" tests="2">
    <testcase classname="CommunityBackToTopNavigationComponent should show back to top button" name="CommunityBackToTopNavigationComponent should show back to top button" time="0.124">
    </testcase>
    <testcase classname="CommunityBackToTopNavigationComponent call onClick should emit back to top" name="CommunityBackToTopNavigationComponent call onClick should emit back to top" time="0.038">
    </testcase>
  </testsuite>
  <testsuite name="apps/dashboard/app/_main/containers/resources/resources.component.spec.ts" errors="0" failures="0" skipped="0" timestamp="2019-08-05T19:50:47" time="2.816" tests="1">
    <testcase classname="ResourcesComponent should create" name="ResourcesComponent should create" time="0.528">
    </testcase>
  </testsuite>
  <testsuite name="apps/community/app/_main/components/radial-text-counter/radial-text-counter.component.spec.ts" errors="0" failures="0" skipped="0" timestamp="2019-08-05T19:50:47" time="3.062" tests="3">
    <testcase classname="CommunityStartDiscussionComponent should show radial text counter" name="CommunityStartDiscussionComponent should show radial text counter" time="0.181">
    </testcase>
    <testcase classname="CommunityStartDiscussionComponent should set radialCounterClass to radial-counter-warn radial-counter-pulse when inputTextLength &gt;= WarningStartNumber " name="CommunityStartDiscussionComponent should set radialCounterClass to radial-counter-warn radial-counter-pulse when inputTextLength &gt;= WarningStartNumber " time="0.439">
    </testcase>
    <testcase classname="CommunityStartDiscussionComponent should set radialCounterClass to radial-counter-danger radial-counter-pulse when inputTextLength &gt;= DangerStartNumber " name="CommunityStartDiscussionComponent should set radialCounterClass to radial-counter-danger radial-counter-pulse when inputTextLength &gt;= DangerStartNumber " time="0.042">
    </testcase>
  </testsuite>
  <testsuite name="apps/community/app/_main/containers/community-post-add-reply-view/community-post-add-reply-view.component.spec.ts" errors="0" failures="0" skipped="0" timestamp="2019-08-05T19:50:47" time="2.938" tests="1">
    <testcase classname="CommunityPostAddReplyViewComponent should show community add reply view" name="CommunityPostAddReplyViewComponent should show community add reply view" time="0.215">
    </testcase>
  </testsuite>
  <testsuite name="apps/dashboard/app/_main/components/tile-preview/chart-with-list/tile-preview-chart-with-list.component.spec.ts" errors="0" failures="0" skipped="0" timestamp="2019-08-05T19:50:47" time="3.214" tests="1">
    <testcase classname="Tile Preview Chart With List should show component" name="Tile Preview Chart With List should show component" time="0.643">
    </testcase>
  </testsuite>
  <testsuite name="apps/dashboard/app/_main/components/tile-preview/icon/tile-preview-icon.component.spec.ts" errors="0" failures="0" skipped="0" timestamp="2019-08-05T19:50:47" time="3.415" tests="2">
    <testcase classname="TilePreviewIcon should show just icon and when no payload is given" name="TilePreviewIcon should show just icon and when no payload is given" time="0.32">
    </testcase>
    <testcase classname="TilePreviewIcon should show more than just an icon and when a payload is given" name="TilePreviewIcon should show more than just an icon and when a payload is given" time="0.41">
    </testcase>
  </testsuite>
  <testsuite name="apps/pf-admin/app/_navigation/containers/pages/navigation/navigation.page.spec.ts" errors="0" failures="0" skipped="0" timestamp="2019-08-05T19:50:47" time="3.388" tests="1">
    <testcase classname="Pf-Admin - Navigation - Navigation Page Should dispatch a LoadLinks Action when the page is loaded" name="Pf-Admin - Navigation - Navigation Page Should dispatch a LoadLinks Action when the page is loaded" time="0.174">
    </testcase>
  </testsuite>
  <testsuite name="libs/ui/common/error/pages/access-denied/access-denied.page.spec.ts" errors="0" failures="0" skipped="0" timestamp="2019-08-05T19:50:49" time="1.199" tests="1">
    <testcase classname="Access Denied Page should show the error message" name="Access Denied Page should show the error message" time="0.067">
    </testcase>
  </testsuite>
  <testsuite name="apps/peer/app/_dashboard/containers/exchange-job-count/exchange-job-count.component.spec.ts" errors="0" failures="0" skipped="0" timestamp="2019-08-05T19:50:49" time="1.299" tests="1">
    <testcase classname="Peer Dashboard - Exchange Job Count should display the job count" name="Peer Dashboard - Exchange Job Count should display the job count" time="0.071">
    </testcase>
  </testsuite>
  <testsuite name="apps/dashboard/app/_main/components/composite-summary-download/composite-summary-download.component.spec.ts" errors="0" failures="0" skipped="0" timestamp="2019-08-05T19:50:47" time="3.476" tests="6">
    <testcase classname="Dashboard - Main - Composite Summary Download should dispatch a CompositeSummaryDownload action on init" name="Dashboard - Main - Composite Summary Download should dispatch a CompositeSummaryDownload action on init" time="0.185">
    </testcase>
    <testcase classname="Dashboard - Main - Composite Summary Download should show an error with an invalid compositeDataLoadExternalId" name="Dashboard - Main - Composite Summary Download should show an error with an invalid compositeDataLoadExternalId" time="0.082">
    </testcase>
    <testcase classname="Dashboard - Main - Composite Summary Download should match query parameter error snapshot" name="Dashboard - Main - Composite Summary Download should match query parameter error snapshot" time="0.053">
    </testcase>
    <testcase classname="Dashboard - Main - Composite Summary Download should match file error snapshot" name="Dashboard - Main - Composite Summary Download should match file error snapshot" time="0.053">
    </testcase>
    <testcase classname="Dashboard - Main - Composite Summary Download should match file download in progress snapshot" name="Dashboard - Main - Composite Summary Download should match file download in progress snapshot" time="0.043">
    </testcase>
    <testcase classname="Dashboard - Main - Composite Summary Download should match file download success snapshot" name="Dashboard - Main - Composite Summary Download should match file download success snapshot" time="0.037">
    </testcase>
  </testsuite>
</testsuites>